<?xml version="1.0" encoding="UTF-8"?>
<testsuite name="guru.qa.ExsampleTest" tests="1" skipped="0" failures="0" errors="0" timestamp="2022-10-19T06:08:36" hostname="ASEMIKLET" time="0.015">
  <properties/>
  <testcase name="exsampletest()" classname="guru.qa.ExsampleTest" time="0.015"/>
  <system-out><![CDATA[]]></system-out>
  <system-err><![CDATA[]]></system-err>
</testsuite>
